<?xml version="1.0" encoding="UTF-8"?>
<testsuite name="Realizar el registro de un nuevo usuario y realizar una compra en Product Store" tests="2" skipped="0" failures="1" errors="0" timestamp="2024-03-19T17:47:58" hostname="DESKTOP-E18IH93" time="72.562">
  <properties/>
  <testcase name="Registro de un nuevo usuario" classname="Realizar el registro de un nuevo usuario y realizar una compra en Product Store" time="30.871">
    <failure message="java.lang.AssertionError: Build info: version: '4.14.1', revision: '03f8ede370'&#10;System info: os.name: 'Windows 10', os.arch: 'amd64', os.version: '10.0', java.version: '11.0.20'&#10;Driver info: org.openqa.selenium.firefox.FirefoxDriver&#10;Command: [b6a3905e-70c9-4199-afe4-40cd1fe318bc, getAlertText {}]&#10;Capabilities {acceptInsecureCerts: false, browserName: firefox, browserVersion: 124.0, goog:chromeOptions: {args: [start-maximized, incognito, test-type, no-sandbox, lang=es, disable-popup-blocking, disable-download-notification, ignore-certificate-errors, allow-running-insecure-content, disable-translate, always-authorize-plugins, disable-extensions, remote-allow-origins=*, disable-notifications, lang=en]}, moz:accessibilityChecks: false, moz:buildID: 20240311145044, moz:debuggerAddress: 127.0.0.1:22156, moz:geckodriverVersion: 0.34.0, moz:headless: false, moz:platformVersion: 10.0, moz:processID: 13948, moz:profile: C:\Users\Mario\AppData\Loca..., moz:shutdownTimeout: 60000, moz:webdriverClick: true, moz:windowless: false, pageLoadStrategy: normal, platformName: windows, proxy: Proxy(), se:cdp: ws://127.0.0.1:22156/devtoo..., se:cdpVersion: 85.0, setWindowRect: true, strictFileInteractability: false, timeouts: {implicit: 0, pageLoad: 300000, script: 30000}, unhandledPromptBehavior: dismiss and notify}&#10;Session ID: b6a3905e-70c9-4199-afe4-40cd1fe318bc" type="java.lang.AssertionError">java.lang.AssertionError: Build info: version: '4.14.1', revision: '03f8ede370'
System info: os.name: 'Windows 10', os.arch: 'amd64', os.version: '10.0', java.version: '11.0.20'
Driver info: org.openqa.selenium.firefox.FirefoxDriver
Command: [b6a3905e-70c9-4199-afe4-40cd1fe318bc, getAlertText {}]
Capabilities {acceptInsecureCerts: false, browserName: firefox, browserVersion: 124.0, goog:chromeOptions: {args: [start-maximized, incognito, test-type, no-sandbox, lang=es, disable-popup-blocking, disable-download-notification, ignore-certificate-errors, allow-running-insecure-content, disable-translate, always-authorize-plugins, disable-extensions, remote-allow-origins=*, disable-notifications, lang=en]}, moz:accessibilityChecks: false, moz:buildID: 20240311145044, moz:debuggerAddress: 127.0.0.1:22156, moz:geckodriverVersion: 0.34.0, moz:headless: false, moz:platformVersion: 10.0, moz:processID: 13948, moz:profile: C:\Users\Mario\AppData\Loca..., moz:shutdownTimeout: 60000, moz:webdriverClick: true, moz:windowless: false, pageLoadStrategy: normal, platformName: windows, proxy: Proxy(), se:cdp: ws://127.0.0.1:22156/devtoo..., se:cdpVersion: 85.0, setWindowRect: true, strictFileInteractability: false, timeouts: {implicit: 0, pageLoad: 300000, script: 30000}, unhandledPromptBehavior: dismiss and notify}
Session ID: b6a3905e-70c9-4199-afe4-40cd1fe318bc
	at net.serenitybdd.screenplay.ErrorTally.throwSummaryExceptionFrom(ErrorTally.java:38)
	at net.serenitybdd.screenplay.ErrorTally.reportAnyErrors(ErrorTally.java:32)
	at net.serenitybdd.screenplay.Actor.should(Actor.java:397)
	at com.co.PruebaAccenture.stepsDefinitions.StepsDefinitionsDemoBlaze.deberíaEstarRegistradoExitosamenteEnProductStore(StepsDefinitionsDemoBlaze.java:45)
	at ✽.debería estar registrado exitosamente en Product Store &quot;Sign up successful.&quot;(file:///C:/Users/Mario/Desktop/estudio%20programacion/Accenture/PruebaAccenture/src/test/resources/features/demoblaze.feature:17)
</failure>
  </testcase>
  <testcase name="Realizar una compra agregando productos al carrito" classname="Realizar el registro de un nuevo usuario y realizar una compra en Product Store" time="41.686"/>
  <system-out><![CDATA[]]></system-out>
  <system-err><![CDATA[[Test worker] INFO  - 
  _____   ___   ___   _____     ___   _____     _     ___   _____   ___   ___  
 |_   _| | __| / __| |_   _|   / __| |_   _|   /_\   | _ \ |_   _| | __| |   \ 
   | |   | _|  \__ \   | |     \__ \   | |    / _ \  |   /   | |   | _|  | |) |
   |_|   |___| |___/   |_|     |___/   |_|   /_/ \_\ |_|_\   |_|   |___| |___/ 

Registro de un nuevo usuario(realizar-el-registro-de-un-nuevo-usuario-y-realizar-una-compra-en-product-store;registro-de-un-nuevo-usuario)
--------------------------------------------------------------------------------
[Test worker] ERROR  - 
  _____   ___   ___   _____     ___   ___   ___    ___    ___ 
 |_   _| | __| / __| |_   _|   | __| | _ \ | _ \  / _ \  | _ \
   | |   | _|  \__ \   | |     | _|  |   / |   / | (_) | |   /
   |_|   |___| |___/   |_|     |___| |_|_\ |_|_\  \___/  |_|_\

Registro de un nuevo usuario
---------------------------------------------------------------
[Test worker] ERROR  -     Test failed at step: 1: Registro de un nuevo usuario ({usuario=CamiloJose02, clave=112345, mensaje=Sign up successful.})
[Test worker] ERROR  -     Build info: version: '4.14.1', revision: '03f8ede370'
[Test worker] INFO  - 
  _____   ___   ___   _____     ___   _____     _     ___   _____   ___   ___  
 |_   _| | __| / __| |_   _|   / __| |_   _|   /_\   | _ \ |_   _| | __| |   \ 
   | |   | _|  \__ \   | |     \__ \   | |    / _ \  |   /   | |   | _|  | |) |
   |_|   |___| |___/   |_|     |___/   |_|   /_/ \_\ |_|_\   |_|   |___| |___/ 

Realizar una compra agregando productos al carrito(realizar-el-registro-de-un-nuevo-usuario-y-realizar-una-compra-en-product-store;realizar-una-compra-agregando-productos-al-carrito)
--------------------------------------------------------------------------------
[Test worker] INFO  - 
  _____   ___   ___   _____     ___     _     ___   ___   ___   ___  
 |_   _| | __| / __| |_   _|   | _ \   /_\   / __| / __| | __| |   \ 
   | |   | _|  \__ \   | |     |  _/  / _ \  \__ \ \__ \ | _|  | |) |
   |_|   |___| |___/   |_|     |_|   /_/ \_\ |___/ |___/ |___| |___/ 

Realizar una compra agregando productos al carrito
----------------------------------------------------------------------
]]></system-err>
</testsuite>
